<?xml version="1.0" encoding="UTF-8"?>
<testsuite name="SpaceMarineTest" tests="3" skipped="0" failures="0" errors="0" timestamp="2023-09-21T22:40:49" hostname="Daniils-MacBook-Air-2.local" time="0.014">
  <properties/>
  <testcase name="getMeleeWeapon()" classname="SpaceMarineTest" time="0.01"/>
  <testcase name="setId_noValidId()" classname="SpaceMarineTest" time="0.001"/>
  <testcase name="setId_validId_setsId()" classname="SpaceMarineTest" time="0.001"/>
  <system-out><![CDATA[]]></system-out>
  <system-err><![CDATA[]]></system-err>
</testsuite>
